# JRE version: Java(TM) SE Runtime Environment (8.0_111-b14) (build 1.8.0_111-b14)
# Java VM: Java HotSpot(TM) 64-Bit Server VM (25.111-b14 mixed mode windows-amd64 compressed oops)
Heap:
 PSYoungGen      total 19968K, used 18443K [0x00000000eb300000, 0x00000000ed380000, 0x0000000100000000)
  eden space 19456K, 92% used [0x00000000eb300000,0x00000000ec49aec0,0x00000000ec600000)
  from space 512K, 81% used [0x00000000ed300000,0x00000000ed368000,0x00000000ed380000)
  to   space 2560K, 0% used [0x00000000ece80000,0x00000000ece80000,0x00000000ed100000)
 ParOldGen       total 102400K, used 33934K [0x00000000c1800000, 0x00000000c7c00000, 0x00000000eb300000)
  object space 102400K, 33% used [0x00000000c1800000,0x00000000c3923870,0x00000000c7c00000)
 Metaspace       used 18898K, capacity 19196K, committed 19584K, reserved 1067008K
  class space    used 2275K, capacity 2362K, committed 2432K, reserved 1048576K
GC Heap History (10 events):
Event: 19.100 GC heap before
{Heap before GC invocations=9 (full 2):
 PSYoungGen      total 19968K, used 19952K [0x00000000eb300000, 0x00000000ed380000, 0x0000000100000000)
  eden space 19456K, 100% used [0x00000000eb300000,0x00000000ec600000,0x00000000ec600000)
  from space 512K, 96% used [0x00000000ed300000,0x00000000ed37c010,0x00000000ed380000)
  to   space 2560K, 0% used [0x00000000ece80000,0x00000000ece80000,0x00000000ed100000)
 ParOldGen       total 83968K, used 34271K [0x00000000c1800000, 0x00000000c6a00000, 0x00000000eb300000)
  object space 83968K, 40% used [0x00000000c1800000,0x00000000c3977cf0,0x00000000c6a00000)
 Metaspace       used 18775K, capacity 19054K, committed 19328K, reserved 1067008K
  class space    used 2274K, capacity 2361K, committed 2432K, reserved 1048576K
Event: 19.119 GC heap after
Heap after GC invocations=9 (full 2):
 PSYoungGen      total 22016K, used 592K [0x00000000eb300000, 0x00000000ed380000, 0x0000000100000000)
  eden space 19456K, 0% used [0x00000000eb300000,0x00000000eb300000,0x00000000ec600000)
  from space 2560K, 23% used [0x00000000ece80000,0x00000000ecf14010,0x00000000ed100000)
  to   space 512K, 0% used [0x00000000ed300000,0x00000000ed300000,0x00000000ed380000)
 ParOldGen       total 83968K, used 52504K [0x00000000c1800000, 0x00000000c6a00000, 0x00000000eb300000)
  object space 83968K, 62% used [0x00000000c1800000,0x00000000c4b46120,0x00000000c6a00000)
 Metaspace       used 18775K, capacity 19054K, committed 19328K, reserved 1067008K
  class space    used 2274K, capacity 2361K, committed 2432K, reserved 1048576K
}
Event: 19.119 GC heap before
{Heap before GC invocations=10 (full 3):
 PSYoungGen      total 22016K, used 592K [0x00000000eb300000, 0x00000000ed380000, 0x0000000100000000)
  eden space 19456K, 0% used [0x00000000eb300000,0x00000000eb300000,0x00000000ec600000)
  from space 2560K, 23% used [0x00000000ece80000,0x00000000ecf14010,0x00000000ed100000)
  to   space 512K, 0% used [0x00000000ed300000,0x00000000ed300000,0x00000000ed380000)
 ParOldGen       total 83968K, used 52504K [0x00000000c1800000, 0x00000000c6a00000, 0x00000000eb300000)
  object space 83968K, 62% used [0x00000000c1800000,0x00000000c4b46120,0x00000000c6a00000)
 Metaspace       used 18775K, capacity 19054K, committed 19328K, reserved 1067008K
  class space    used 2274K, capacity 2361K, committed 2432K, reserved 1048576K
Event: 19.215 GC heap after
Heap after GC invocations=10 (full 3):
 PSYoungGen      total 22016K, used 0K [0x00000000eb300000, 0x00000000ed380000, 0x0000000100000000)
  eden space 19456K, 0% used [0x00000000eb300000,0x00000000eb300000,0x00000000ec600000)
  from space 2560K, 0% used [0x00000000ece80000,0x00000000ece80000,0x00000000ed100000)
  to   space 512K, 0% used [0x00000000ed300000,0x00000000ed300000,0x00000000ed380000)
 ParOldGen       total 102400K, used 15685K [0x00000000c1800000, 0x00000000c7c00000, 0x00000000eb300000)
  object space 102400K, 15% used [0x00000000c1800000,0x00000000c2751440,0x00000000c7c00000)
 Metaspace       used 18775K, capacity 19054K, committed 19328K, reserved 1067008K
  class space    used 2274K, capacity 2361K, committed 2432K, reserved 1048576K
}
Event: 23.583 GC heap before
{Heap before GC invocations=11 (full 3):
 PSYoungGen      total 22016K, used 19456K [0x00000000eb300000, 0x00000000ed380000, 0x0000000100000000)
  eden space 19456K, 100% used [0x00000000eb300000,0x00000000ec600000,0x00000000ec600000)
  from space 2560K, 0% used [0x00000000ece80000,0x00000000ece80000,0x00000000ed100000)
  to   space 512K, 0% used [0x00000000ed300000,0x00000000ed300000,0x00000000ed380000)
 ParOldGen       total 102400K, used 15685K [0x00000000c1800000, 0x00000000c7c00000, 0x00000000eb300000)
  object space 102400K, 15% used [0x00000000c1800000,0x00000000c2751440,0x00000000c7c00000)
 Metaspace       used 18794K, capacity 19118K, committed 19584K, reserved 1067008K
  class space    used 2274K, capacity 2361K, committed 2432K, reserved 1048576K
Event: 23.588 GC heap after
Heap after GC invocations=11 (full 3):
 PSYoungGen      total 19968K, used 256K [0x00000000eb300000, 0x00000000ed380000, 0x0000000100000000)
  eden space 19456K, 0% used [0x00000000eb300000,0x00000000eb300000,0x00000000ec600000)
  from space 512K, 50% used [0x00000000ed300000,0x00000000ed340000,0x00000000ed380000)
  to   space 2560K, 0% used [0x00000000ece80000,0x00000000ece80000,0x00000000ed100000)
 ParOldGen       total 102400K, used 15693K [0x00000000c1800000, 0x00000000c7c00000, 0x00000000eb300000)
  object space 102400K, 15% used [0x00000000c1800000,0x00000000c2753440,0x00000000c7c00000)
 Metaspace       used 18794K, capacity 19118K, committed 19584K, reserved 1067008K
  class space    used 2274K, capacity 2361K, committed 2432K, reserved 1048576K
}
Event: 31.126 GC heap before
{Heap before GC invocations=12 (full 3):
 PSYoungGen      total 19968K, used 15246K [0x00000000eb300000, 0x00000000ed380000, 0x0000000100000000)
  eden space 19456K, 77% used [0x00000000eb300000,0x00000000ec1a3b50,0x00000000ec600000)
  from space 512K, 50% used [0x00000000ed300000,0x00000000ed340000,0x00000000ed380000)
  to   space 2560K, 0% used [0x00000000ece80000,0x00000000ece80000,0x00000000ed100000)
 ParOldGen       total 102400K, used 15693K [0x00000000c1800000, 0x00000000c7c00000, 0x00000000eb300000)
  object space 102400K, 15% used [0x00000000c1800000,0x00000000c2753440,0x00000000c7c00000)
 Metaspace       used 18861K, capacity 19188K, committed 19584K, reserved 1067008K
  class space    used 2275K, capacity 2362K, committed 2432K, reserved 1048576K
Event: 31.128 GC heap after
Heap after GC invocations=12 (full 3):
 PSYoungGen      total 22016K, used 432K [0x00000000eb300000, 0x00000000ed380000, 0x0000000100000000)
  eden space 19456K, 0% used [0x00000000eb300000,0x00000000eb300000,0x00000000ec600000)
  from space 2560K, 16% used [0x00000000ece80000,0x00000000eceec010,0x00000000ed100000)
  to   space 512K, 0% used [0x00000000ed300000,0x00000000ed300000,0x00000000ed380000)
 ParOldGen       total 102400K, used 15701K [0x00000000c1800000, 0x00000000c7c00000, 0x00000000eb300000)
  object space 102400K, 15% used [0x00000000c1800000,0x00000000c2755440,0x00000000c7c00000)
 Metaspace       used 18861K, capacity 19188K, committed 19584K, reserved 1067008K
  class space    used 2275K, capacity 2362K, committed 2432K, reserved 1048576K
}
Event: 31.760 GC heap before
{Heap before GC invocations=13 (full 3):
 PSYoungGen      total 22016K, used 19888K [0x00000000eb300000, 0x00000000ed380000, 0x0000000100000000)
  eden space 19456K, 100% used [0x00000000eb300000,0x00000000ec600000,0x00000000ec600000)
  from space 2560K, 16% used [0x00000000ece80000,0x00000000eceec010,0x00000000ed100000)
  to   space 512K, 0% used [0x00000000ed300000,0x00000000ed300000,0x00000000ed380000)
 ParOldGen       total 102400K, used 15701K [0x00000000c1800000, 0x00000000c7c00000, 0x00000000eb300000)
  object space 102400K, 15% used [0x00000000c1800000,0x00000000c2755440,0x00000000c7c00000)
 Metaspace       used 18872K, capacity 19188K, committed 19584K, reserved 1067008K
  class space    used 2275K, capacity 2362K, committed 2432K, reserved 1048576K
Event: 31.768 GC heap after
Heap after GC invocations=13 (full 3):
 PSYoungGen      total 19968K, used 416K [0x00000000eb300000, 0x00000000ed380000, 0x0000000100000000)
  eden space 19456K, 0% used [0x00000000eb300000,0x00000000eb300000,0x00000000ec600000)
  from space 512K, 81% used [0x00000000ed300000,0x00000000ed368000,0x00000000ed380000)
  to   space 2560K, 0% used [0x00000000ece80000,0x00000000ece80000,0x00000000ed100000)
 ParOldGen       total 102400K, used 33934K [0x00000000c1800000, 0x00000000c7c00000, 0x00000000eb300000)
  object space 102400K, 33% used [0x00000000c1800000,0x00000000c3923870,0x00000000c7c00000)
 Metaspace       used 18872K, capacity 19188K, committed 19584K, reserved 1067008K
  class space    used 2275K, capacity 2362K, committed 2432K, reserved 1048576K
}

