# JRE version: Java(TM) SE Runtime Environment (8.0_111-b14) (build 1.8.0_111-b14)
# Java VM: Java HotSpot(TM) 64-Bit Server VM (25.111-b14 mixed mode windows-amd64 compressed oops)
Heap:
 PSYoungGen      total 47104K, used 24293K [0x00000000eb300000, 0x00000000ef980000, 0x0000000100000000)
  eden space 22016K, 25% used [0x00000000eb300000,0x00000000eb86d2d0,0x00000000ec880000)
  from space 25088K, 74% used [0x00000000ee100000,0x00000000ef34c470,0x00000000ef980000)
  to   space 2560K, 0% used [0x00000000ece00000,0x00000000ece00000,0x00000000ed080000)
 ParOldGen       total 44032K, used 9633K [0x00000000c1800000, 0x00000000c4300000, 0x00000000eb300000)
  object space 44032K, 21% used [0x00000000c1800000,0x00000000c2168688,0x00000000c4300000)
 Metaspace       used 18865K, capacity 19188K, committed 19584K, reserved 1067008K
  class space    used 2275K, capacity 2362K, committed 2432K, reserved 1048576K
GC Heap History (10 events):
Event: 31.416 GC heap before
{Heap before GC invocations=9 (full 4):
 PSYoungGen      total 24576K, used 608K [0x00000000eb300000, 0x00000000ef980000, 0x0000000100000000)
  eden space 22016K, 0% used [0x00000000eb300000,0x00000000eb300000,0x00000000ec880000)
  from space 2560K, 23% used [0x00000000ece00000,0x00000000ece98020,0x00000000ed080000)
  to   space 25088K, 0% used [0x00000000ee100000,0x00000000ee100000,0x00000000ef980000)
 ParOldGen       total 44032K, used 26966K [0x00000000c1800000, 0x00000000c4300000, 0x00000000eb300000)
  object space 44032K, 61% used [0x00000000c1800000,0x00000000c3255868,0x00000000c4300000)
 Metaspace       used 18112K, capacity 18404K, committed 18816K, reserved 1064960K
  class space    used 2232K, capacity 2317K, committed 2432K, reserved 1048576K
Event: 31.457 GC heap after
Heap after GC invocations=9 (full 4):
 PSYoungGen      total 24576K, used 0K [0x00000000eb300000, 0x00000000ef980000, 0x0000000100000000)
  eden space 22016K, 0% used [0x00000000eb300000,0x00000000eb300000,0x00000000ec880000)
  from space 2560K, 0% used [0x00000000ece00000,0x00000000ece00000,0x00000000ed080000)
  to   space 25088K, 0% used [0x00000000ee100000,0x00000000ee100000,0x00000000ef980000)
 ParOldGen       total 44032K, used 9140K [0x00000000c1800000, 0x00000000c4300000, 0x00000000eb300000)
  object space 44032K, 20% used [0x00000000c1800000,0x00000000c20ed320,0x00000000c4300000)
 Metaspace       used 18112K, capacity 18404K, committed 18816K, reserved 1064960K
  class space    used 2232K, capacity 2317K, committed 2432K, reserved 1048576K
}
Event: 34.303 GC heap before
{Heap before GC invocations=10 (full 4):
 PSYoungGen      total 24576K, used 22016K [0x00000000eb300000, 0x00000000ef980000, 0x0000000100000000)
  eden space 22016K, 100% used [0x00000000eb300000,0x00000000ec880000,0x00000000ec880000)
  from space 2560K, 0% used [0x00000000ece00000,0x00000000ece00000,0x00000000ed080000)
  to   space 25088K, 0% used [0x00000000ee100000,0x00000000ee100000,0x00000000ef980000)
 ParOldGen       total 44032K, used 9140K [0x00000000c1800000, 0x00000000c4300000, 0x00000000eb300000)
  object space 44032K, 20% used [0x00000000c1800000,0x00000000c20ed320,0x00000000c4300000)
 Metaspace       used 18655K, capacity 18984K, committed 19328K, reserved 1067008K
  class space    used 2270K, capacity 2360K, committed 2432K, reserved 1048576K
Event: 34.333 GC heap after
Heap after GC invocations=10 (full 4):
 PSYoungGen      total 47104K, used 25004K [0x00000000eb300000, 0x00000000ef980000, 0x0000000100000000)
  eden space 22016K, 0% used [0x00000000eb300000,0x00000000eb300000,0x00000000ec880000)
  from space 25088K, 99% used [0x00000000ee100000,0x00000000ef96b080,0x00000000ef980000)
  to   space 2560K, 0% used [0x00000000ece00000,0x00000000ece00000,0x00000000ed080000)
 ParOldGen       total 44032K, used 9148K [0x00000000c1800000, 0x00000000c4300000, 0x00000000eb300000)
  object space 44032K, 20% used [0x00000000c1800000,0x00000000c20ef320,0x00000000c4300000)
 Metaspace       used 18655K, capacity 18984K, committed 19328K, reserved 1067008K
  class space    used 2270K, capacity 2360K, committed 2432K, reserved 1048576K
}
Event: 36.709 GC heap before
{Heap before GC invocations=11 (full 4):
 PSYoungGen      total 47104K, used 44575K [0x00000000eb300000, 0x00000000ef980000, 0x0000000100000000)
  eden space 22016K, 88% used [0x00000000eb300000,0x00000000ec61cd88,0x00000000ec880000)
  from space 25088K, 99% used [0x00000000ee100000,0x00000000ef96b080,0x00000000ef980000)
  to   space 2560K, 0% used [0x00000000ece00000,0x00000000ece00000,0x00000000ed080000)
 ParOldGen       total 44032K, used 9148K [0x00000000c1800000, 0x00000000c4300000, 0x00000000eb300000)
  object space 44032K, 20% used [0x00000000c1800000,0x00000000c20ef320,0x00000000c4300000)
 Metaspace       used 18746K, capacity 19048K, committed 19328K, reserved 1067008K
  class space    used 2274K, capacity 2360K, committed 2432K, reserved 1048576K
Event: 36.720 GC heap after
Heap after GC invocations=11 (full 4):
 PSYoungGen      total 24576K, used 880K [0x00000000eb300000, 0x00000000ef980000, 0x0000000100000000)
  eden space 22016K, 0% used [0x00000000eb300000,0x00000000eb300000,0x00000000ec880000)
  from space 2560K, 34% used [0x00000000ece00000,0x00000000ecedc010,0x00000000ed080000)
  to   space 25088K, 0% used [0x00000000ee100000,0x00000000ee100000,0x00000000ef980000)
 ParOldGen       total 44032K, used 27373K [0x00000000c1800000, 0x00000000c4300000, 0x00000000eb300000)
  object space 44032K, 62% used [0x00000000c1800000,0x00000000c32bb750,0x00000000c4300000)
 Metaspace       used 18746K, capacity 19048K, committed 19328K, reserved 1067008K
  class space    used 2274K, capacity 2360K, committed 2432K, reserved 1048576K
}
Event: 36.720 GC heap before
{Heap before GC invocations=12 (full 5):
 PSYoungGen      total 24576K, used 880K [0x00000000eb300000, 0x00000000ef980000, 0x0000000100000000)
  eden space 22016K, 0% used [0x00000000eb300000,0x00000000eb300000,0x00000000ec880000)
  from space 2560K, 34% used [0x00000000ece00000,0x00000000ecedc010,0x00000000ed080000)
  to   space 25088K, 0% used [0x00000000ee100000,0x00000000ee100000,0x00000000ef980000)
 ParOldGen       total 44032K, used 27373K [0x00000000c1800000, 0x00000000c4300000, 0x00000000eb300000)
  object space 44032K, 62% used [0x00000000c1800000,0x00000000c32bb750,0x00000000c4300000)
 Metaspace       used 18746K, capacity 19048K, committed 19328K, reserved 1067008K
  class space    used 2274K, capacity 2360K, committed 2432K, reserved 1048576K
Event: 36.769 GC heap after
Heap after GC invocations=12 (full 5):
 PSYoungGen      total 24576K, used 0K [0x00000000eb300000, 0x00000000ef980000, 0x0000000100000000)
  eden space 22016K, 0% used [0x00000000eb300000,0x00000000eb300000,0x00000000ec880000)
  from space 2560K, 0% used [0x00000000ece00000,0x00000000ece00000,0x00000000ed080000)
  to   space 25088K, 0% used [0x00000000ee100000,0x00000000ee100000,0x00000000ef980000)
 ParOldGen       total 44032K, used 9625K [0x00000000c1800000, 0x00000000c4300000, 0x00000000eb300000)
  object space 44032K, 21% used [0x00000000c1800000,0x00000000c2166688,0x00000000c4300000)
 Metaspace       used 18746K, capacity 19048K, committed 19328K, reserved 1067008K
  class space    used 2274K, capacity 2360K, committed 2432K, reserved 1048576K
}
Event: 40.342 GC heap before
{Heap before GC invocations=13 (full 5):
 PSYoungGen      total 24576K, used 22016K [0x00000000eb300000, 0x00000000ef980000, 0x0000000100000000)
  eden space 22016K, 100% used [0x00000000eb300000,0x00000000ec880000,0x00000000ec880000)
  from space 2560K, 0% used [0x00000000ece00000,0x00000000ece00000,0x00000000ed080000)
  to   space 25088K, 0% used [0x00000000ee100000,0x00000000ee100000,0x00000000ef980000)
 ParOldGen       total 44032K, used 9625K [0x00000000c1800000, 0x00000000c4300000, 0x00000000eb300000)
  object space 44032K, 21% used [0x00000000c1800000,0x00000000c2166688,0x00000000c4300000)
 Metaspace       used 18864K, capacity 19188K, committed 19584K, reserved 1067008K
  class space    used 2275K, capacity 2362K, committed 2432K, reserved 1048576K
Event: 40.368 GC heap after
Heap after GC invocations=13 (full 5):
 PSYoungGen      total 47104K, used 18737K [0x00000000eb300000, 0x00000000ef980000, 0x0000000100000000)
  eden space 22016K, 0% used [0x00000000eb300000,0x00000000eb300000,0x00000000ec880000)
  from space 25088K, 74% used [0x00000000ee100000,0x00000000ef34c470,0x00000000ef980000)
  to   space 2560K, 0% used [0x00000000ece00000,0x00000000ece00000,0x00000000ed080000)
 ParOldGen       total 44032K, used 9633K [0x00000000c1800000, 0x00000000c4300000, 0x00000000eb300000)
  object space 44032K, 21% used [0x00000000c1800000,0x00000000c2168688,0x00000000c4300000)
 Metaspace       used 18864K, capacity 19188K, committed 19584K, reserved 1067008K
  class space    used 2275K, capacity 2362K, committed 2432K, reserved 1048576K
}

