# JRE version: Java(TM) SE Runtime Environment (8.0_111-b14) (build 1.8.0_111-b14)
# Java VM: Java HotSpot(TM) 64-Bit Server VM (25.111-b14 mixed mode windows-amd64 compressed oops)
Heap:
 PSYoungGen      total 29696K, used 8439K [0x00000000eb300000, 0x00000000ed380000, 0x0000000100000000)
  eden space 28160K, 26% used [0x00000000eb300000,0x00000000eba39f70,0x00000000ece80000)
  from space 1536K, 67% used [0x00000000ed200000,0x00000000ed304050,0x00000000ed380000)
  to   space 2560K, 0% used [0x00000000ece80000,0x00000000ece80000,0x00000000ed100000)
 ParOldGen       total 62464K, used 25727K [0x00000000c1800000, 0x00000000c5500000, 0x00000000eb300000)
  object space 62464K, 41% used [0x00000000c1800000,0x00000000c311fe00,0x00000000c5500000)
 Metaspace       used 19614K, capacity 19968K, committed 20352K, reserved 1067008K
  class space    used 2475K, capacity 2586K, committed 2688K, reserved 1048576K
GC Heap History (10 events):
Event: 8.425 GC heap before
{Heap before GC invocations=1 (full 0):
 PSYoungGen      total 18944K, used 16384K [0x00000000eb300000, 0x00000000ec800000, 0x0000000100000000)
  eden space 16384K, 100% used [0x00000000eb300000,0x00000000ec300000,0x00000000ec300000)
  from space 2560K, 0% used [0x00000000ec580000,0x00000000ec580000,0x00000000ec800000)
  to   space 2560K, 0% used [0x00000000ec300000,0x00000000ec300000,0x00000000ec580000)
 ParOldGen       total 44032K, used 0K [0x00000000c1800000, 0x00000000c4300000, 0x00000000eb300000)
  object space 44032K, 0% used [0x00000000c1800000,0x00000000c1800000,0x00000000c4300000)
 Metaspace       used 14968K, capacity 15228K, committed 15616K, reserved 1062912K
  class space    used 1890K, capacity 1981K, committed 2048K, reserved 1048576K
Event: 8.439 GC heap after
Heap after GC invocations=1 (full 0):
 PSYoungGen      total 18944K, used 2551K [0x00000000eb300000, 0x00000000ec800000, 0x0000000100000000)
  eden space 16384K, 0% used [0x00000000eb300000,0x00000000eb300000,0x00000000ec300000)
  from space 2560K, 99% used [0x00000000ec300000,0x00000000ec57df48,0x00000000ec580000)
  to   space 2560K, 0% used [0x00000000ec580000,0x00000000ec580000,0x00000000ec800000)
 ParOldGen       total 44032K, used 2223K [0x00000000c1800000, 0x00000000c4300000, 0x00000000eb300000)
  object space 44032K, 5% used [0x00000000c1800000,0x00000000c1a2bf30,0x00000000c4300000)
 Metaspace       used 14968K, capacity 15228K, committed 15616K, reserved 1062912K
  class space    used 1890K, capacity 1981K, committed 2048K, reserved 1048576K
}
Event: 9.667 GC heap before
{Heap before GC invocations=2 (full 0):
 PSYoungGen      total 18944K, used 18935K [0x00000000eb300000, 0x00000000ec800000, 0x0000000100000000)
  eden space 16384K, 100% used [0x00000000eb300000,0x00000000ec300000,0x00000000ec300000)
  from space 2560K, 99% used [0x00000000ec300000,0x00000000ec57df48,0x00000000ec580000)
  to   space 2560K, 0% used [0x00000000ec580000,0x00000000ec580000,0x00000000ec800000)
 ParOldGen       total 44032K, used 2223K [0x00000000c1800000, 0x00000000c4300000, 0x00000000eb300000)
  object space 44032K, 5% used [0x00000000c1800000,0x00000000c1a2bf30,0x00000000c4300000)
 Metaspace       used 17382K, capacity 17624K, committed 17920K, reserved 1064960K
  class space    used 2161K, capacity 2249K, committed 2304K, reserved 1048576K
Event: 9.709 GC heap after
Heap after GC invocations=2 (full 0):
 PSYoungGen      total 18944K, used 2528K [0x00000000eb300000, 0x00000000ed800000, 0x0000000100000000)
  eden space 16384K, 0% used [0x00000000eb300000,0x00000000eb300000,0x00000000ec300000)
  from space 2560K, 98% used [0x00000000ec580000,0x00000000ec7f8040,0x00000000ec800000)
  to   space 2560K, 0% used [0x00000000ec300000,0x00000000ec300000,0x00000000ec580000)
 ParOldGen       total 44032K, used 24026K [0x00000000c1800000, 0x00000000c4300000, 0x00000000eb300000)
  object space 44032K, 54% used [0x00000000c1800000,0x00000000c2f76b28,0x00000000c4300000)
 Metaspace       used 17382K, capacity 17624K, committed 17920K, reserved 1064960K
  class space    used 2161K, capacity 2249K, committed 2304K, reserved 1048576K
}
Event: 9.709 GC heap before
{Heap before GC invocations=3 (full 1):
 PSYoungGen      total 18944K, used 2528K [0x00000000eb300000, 0x00000000ed800000, 0x0000000100000000)
  eden space 16384K, 0% used [0x00000000eb300000,0x00000000eb300000,0x00000000ec300000)
  from space 2560K, 98% used [0x00000000ec580000,0x00000000ec7f8040,0x00000000ec800000)
  to   space 2560K, 0% used [0x00000000ec300000,0x00000000ec300000,0x00000000ec580000)
 ParOldGen       total 44032K, used 24026K [0x00000000c1800000, 0x00000000c4300000, 0x00000000eb300000)
  object space 44032K, 54% used [0x00000000c1800000,0x00000000c2f76b28,0x00000000c4300000)
 Metaspace       used 17382K, capacity 17624K, committed 17920K, reserved 1064960K
  class space    used 2161K, capacity 2249K, committed 2304K, reserved 1048576K
Event: 9.769 GC heap after
Heap after GC invocations=3 (full 1):
 PSYoungGen      total 18944K, used 0K [0x00000000eb300000, 0x00000000ed800000, 0x0000000100000000)
  eden space 16384K, 0% used [0x00000000eb300000,0x00000000eb300000,0x00000000ec300000)
  from space 2560K, 0% used [0x00000000ec580000,0x00000000ec580000,0x00000000ec800000)
  to   space 2560K, 0% used [0x00000000ec300000,0x00000000ec300000,0x00000000ec580000)
 ParOldGen       total 62464K, used 14265K [0x00000000c1800000, 0x00000000c5500000, 0x00000000eb300000)
  object space 62464K, 22% used [0x00000000c1800000,0x00000000c25ee778,0x00000000c5500000)
 Metaspace       used 17382K, capacity 17624K, committed 17920K, reserved 1064960K
  class space    used 2161K, capacity 2249K, committed 2304K, reserved 1048576K
}
Event: 10.014 GC heap before
{Heap before GC invocations=4 (full 1):
 PSYoungGen      total 18944K, used 10680K [0x00000000eb300000, 0x00000000ed800000, 0x0000000100000000)
  eden space 16384K, 65% used [0x00000000eb300000,0x00000000ebd6e068,0x00000000ec300000)
  from space 2560K, 0% used [0x00000000ec580000,0x00000000ec580000,0x00000000ec800000)
  to   space 2560K, 0% used [0x00000000ec300000,0x00000000ec300000,0x00000000ec580000)
 ParOldGen       total 62464K, used 14265K [0x00000000c1800000, 0x00000000c5500000, 0x00000000eb300000)
  object space 62464K, 22% used [0x00000000c1800000,0x00000000c25ee778,0x00000000c5500000)
 Metaspace       used 17429K, capacity 17688K, committed 17920K, reserved 1064960K
  class space    used 2165K, capacity 2249K, committed 2304K, reserved 1048576K
Event: 10.021 GC heap after
Heap after GC invocations=4 (full 1):
 PSYoungGen      total 18944K, used 240K [0x00000000eb300000, 0x00000000ed480000, 0x0000000100000000)
  eden space 16384K, 0% used [0x00000000eb300000,0x00000000eb300000,0x00000000ec300000)
  from space 2560K, 9% used [0x00000000ec300000,0x00000000ec33c010,0x00000000ec580000)
  to   space 2560K, 0% used [0x00000000ed200000,0x00000000ed200000,0x00000000ed480000)
 ParOldGen       total 62464K, used 25719K [0x00000000c1800000, 0x00000000c5500000, 0x00000000eb300000)
  object space 62464K, 41% used [0x00000000c1800000,0x00000000c311de00,0x00000000c5500000)
 Metaspace       used 17429K, capacity 17688K, committed 17920K, reserved 1064960K
  class space    used 2165K, capacity 2249K, committed 2304K, reserved 1048576K
}
Event: 12.368 GC heap before
{Heap before GC invocations=5 (full 1):
 PSYoungGen      total 18944K, used 16624K [0x00000000eb300000, 0x00000000ed480000, 0x0000000100000000)
  eden space 16384K, 100% used [0x00000000eb300000,0x00000000ec300000,0x00000000ec300000)
  from space 2560K, 9% used [0x00000000ec300000,0x00000000ec33c010,0x00000000ec580000)
  to   space 2560K, 0% used [0x00000000ed200000,0x00000000ed200000,0x00000000ed480000)
 ParOldGen       total 62464K, used 25719K [0x00000000c1800000, 0x00000000c5500000, 0x00000000eb300000)
  object space 62464K, 41% used [0x00000000c1800000,0x00000000c311de00,0x00000000c5500000)
 Metaspace       used 18959K, capacity 19290K, committed 19712K, reserved 1067008K
  class space    used 2405K, capacity 2487K, committed 2560K, reserved 1048576K
Event: 12.375 GC heap after
Heap after GC invocations=5 (full 1):
 PSYoungGen      total 29696K, used 1040K [0x00000000eb300000, 0x00000000ed380000, 0x0000000100000000)
  eden space 28160K, 0% used [0x00000000eb300000,0x00000000eb300000,0x00000000ece80000)
  from space 1536K, 67% used [0x00000000ed200000,0x00000000ed304050,0x00000000ed380000)
  to   space 2560K, 0% used [0x00000000ece80000,0x00000000ece80000,0x00000000ed100000)
 ParOldGen       total 62464K, used 25727K [0x00000000c1800000, 0x00000000c5500000, 0x00000000eb300000)
  object space 62464K, 41% used [0x00000000c1800000,0x00000000c311fe00,0x00000000c5500000)
 Metaspace       used 18959K, capacity 19290K, committed 19712K, reserved 1067008K
  class space    used 2405K, capacity 2487K, committed 2560K, reserved 1048576K
}

