# JRE version: Java(TM) SE Runtime Environment (8.0_111-b14) (build 1.8.0_111-b14)
# Java VM: Java HotSpot(TM) 64-Bit Server VM (25.111-b14 mixed mode windows-amd64 compressed oops)
Heap:
 PSYoungGen      total 18944K, used 12844K [0x00000000eb300000, 0x00000000eca00000, 0x0000000100000000)
  eden space 16384K, 78% used [0x00000000eb300000,0x00000000ebf8b0e0,0x00000000ec300000)
  from space 2560K, 0% used [0x00000000ec580000,0x00000000ec580000,0x00000000ec800000)
  to   space 2560K, 0% used [0x00000000ec300000,0x00000000ec300000,0x00000000ec580000)
 ParOldGen       total 97280K, used 8720K [0x00000000c1800000, 0x00000000c7700000, 0x00000000eb300000)
  object space 97280K, 8% used [0x00000000c1800000,0x00000000c20842c8,0x00000000c7700000)
 Metaspace       used 17531K, capacity 17816K, committed 18176K, reserved 1064960K
  class space    used 2171K, capacity 2249K, committed 2304K, reserved 1048576K
GC Heap History (10 events):
Event: 10.804 GC heap before
{Heap before GC invocations=3 (full 1):
 PSYoungGen      total 18944K, used 2536K [0x00000000eb300000, 0x00000000ec800000, 0x0000000100000000)
  eden space 16384K, 0% used [0x00000000eb300000,0x00000000eb300000,0x00000000ec300000)
  from space 2560K, 99% used [0x00000000ec580000,0x00000000ec7fa390,0x00000000ec800000)
  to   space 2560K, 0% used [0x00000000ec300000,0x00000000ec300000,0x00000000ec580000)
 ParOldGen       total 44032K, used 23986K [0x00000000c1800000, 0x00000000c4300000, 0x00000000eb300000)
  object space 44032K, 54% used [0x00000000c1800000,0x00000000c2f6cae0,0x00000000c4300000)
 Metaspace       used 17362K, capacity 17624K, committed 17920K, reserved 1064960K
  class space    used 2161K, capacity 2249K, committed 2304K, reserved 1048576K
Event: 10.857 GC heap after
Heap after GC invocations=3 (full 1):
 PSYoungGen      total 18944K, used 0K [0x00000000eb300000, 0x00000000ec800000, 0x0000000100000000)
  eden space 16384K, 0% used [0x00000000eb300000,0x00000000eb300000,0x00000000ec300000)
  from space 2560K, 0% used [0x00000000ec580000,0x00000000ec580000,0x00000000ec800000)
  to   space 2560K, 0% used [0x00000000ec300000,0x00000000ec300000,0x00000000ec580000)
 ParOldGen       total 44032K, used 14316K [0x00000000c1800000, 0x00000000c4300000, 0x00000000eb300000)
  object space 44032K, 32% used [0x00000000c1800000,0x00000000c25fb2b8,0x00000000c4300000)
 Metaspace       used 17362K, capacity 17624K, committed 17920K, reserved 1064960K
  class space    used 2161K, capacity 2249K, committed 2304K, reserved 1048576K
}
Event: 11.249 GC heap before
{Heap before GC invocations=4 (full 1):
 PSYoungGen      total 18944K, used 10720K [0x00000000eb300000, 0x00000000ec800000, 0x0000000100000000)
  eden space 16384K, 65% used [0x00000000eb300000,0x00000000ebd78020,0x00000000ec300000)
  from space 2560K, 0% used [0x00000000ec580000,0x00000000ec580000,0x00000000ec800000)
  to   space 2560K, 0% used [0x00000000ec300000,0x00000000ec300000,0x00000000ec580000)
 ParOldGen       total 44032K, used 14316K [0x00000000c1800000, 0x00000000c4300000, 0x00000000eb300000)
  object space 44032K, 32% used [0x00000000c1800000,0x00000000c25fb2b8,0x00000000c4300000)
 Metaspace       used 17427K, capacity 17688K, committed 17920K, reserved 1064960K
  class space    used 2165K, capacity 2249K, committed 2304K, reserved 1048576K
Event: 11.256 GC heap after
Heap after GC invocations=4 (full 1):
 PSYoungGen      total 18944K, used 256K [0x00000000eb300000, 0x00000000ec800000, 0x0000000100000000)
  eden space 16384K, 0% used [0x00000000eb300000,0x00000000eb300000,0x00000000ec300000)
  from space 2560K, 10% used [0x00000000ec300000,0x00000000ec340000,0x00000000ec580000)
  to   space 2560K, 0% used [0x00000000ec580000,0x00000000ec580000,0x00000000ec800000)
 ParOldGen       total 44032K, used 25770K [0x00000000c1800000, 0x00000000c4300000, 0x00000000eb300000)
  object space 44032K, 58% used [0x00000000c1800000,0x00000000c312a940,0x00000000c4300000)
 Metaspace       used 17427K, capacity 17688K, committed 17920K, reserved 1064960K
  class space    used 2165K, capacity 2249K, committed 2304K, reserved 1048576K
}
Event: 11.256 GC heap before
{Heap before GC invocations=5 (full 2):
 PSYoungGen      total 18944K, used 256K [0x00000000eb300000, 0x00000000ec800000, 0x0000000100000000)
  eden space 16384K, 0% used [0x00000000eb300000,0x00000000eb300000,0x00000000ec300000)
  from space 2560K, 10% used [0x00000000ec300000,0x00000000ec340000,0x00000000ec580000)
  to   space 2560K, 0% used [0x00000000ec580000,0x00000000ec580000,0x00000000ec800000)
 ParOldGen       total 44032K, used 25770K [0x00000000c1800000, 0x00000000c4300000, 0x00000000eb300000)
  object space 44032K, 58% used [0x00000000c1800000,0x00000000c312a940,0x00000000c4300000)
 Metaspace       used 17427K, capacity 17688K, committed 17920K, reserved 1064960K
  class space    used 2165K, capacity 2249K, committed 2304K, reserved 1048576K
Event: 11.309 GC heap after
Heap after GC invocations=5 (full 2):
 PSYoungGen      total 18944K, used 0K [0x00000000eb300000, 0x00000000ec800000, 0x0000000100000000)
  eden space 16384K, 0% used [0x00000000eb300000,0x00000000eb300000,0x00000000ec300000)
  from space 2560K, 0% used [0x00000000ec300000,0x00000000ec300000,0x00000000ec580000)
  to   space 2560K, 0% used [0x00000000ec580000,0x00000000ec580000,0x00000000ec800000)
 ParOldGen       total 44032K, used 8834K [0x00000000c1800000, 0x00000000c4300000, 0x00000000eb300000)
  object space 44032K, 20% used [0x00000000c1800000,0x00000000c20a0850,0x00000000c4300000)
 Metaspace       used 17427K, capacity 17688K, committed 17920K, reserved 1064960K
  class space    used 2165K, capacity 2249K, committed 2304K, reserved 1048576K
}
Event: 66.004 GC heap before
{Heap before GC invocations=6 (full 2):
 PSYoungGen      total 18944K, used 13166K [0x00000000eb300000, 0x00000000ec800000, 0x0000000100000000)
  eden space 16384K, 80% used [0x00000000eb300000,0x00000000ebfdbb20,0x00000000ec300000)
  from space 2560K, 0% used [0x00000000ec300000,0x00000000ec300000,0x00000000ec580000)
  to   space 2560K, 0% used [0x00000000ec580000,0x00000000ec580000,0x00000000ec800000)
 ParOldGen       total 44032K, used 8834K [0x00000000c1800000, 0x00000000c4300000, 0x00000000eb300000)
  object space 44032K, 20% used [0x00000000c1800000,0x00000000c20a0850,0x00000000c4300000)
 Metaspace       used 17451K, capacity 17688K, committed 17920K, reserved 1064960K
  class space    used 2165K, capacity 2249K, committed 2304K, reserved 1048576K
Event: 66.016 GC heap after
Heap after GC invocations=6 (full 2):
 PSYoungGen      total 18944K, used 160K [0x00000000eb300000, 0x00000000eca00000, 0x0000000100000000)
  eden space 16384K, 0% used [0x00000000eb300000,0x00000000eb300000,0x00000000ec300000)
  from space 2560K, 6% used [0x00000000ec580000,0x00000000ec5a8000,0x00000000ec800000)
  to   space 2560K, 0% used [0x00000000ec300000,0x00000000ec300000,0x00000000ec580000)
 ParOldGen       total 44032K, used 27067K [0x00000000c1800000, 0x00000000c4300000, 0x00000000eb300000)
  object space 44032K, 61% used [0x00000000c1800000,0x00000000c326ec80,0x00000000c4300000)
 Metaspace       used 17451K, capacity 17688K, committed 17920K, reserved 1064960K
  class space    used 2165K, capacity 2249K, committed 2304K, reserved 1048576K
}
Event: 66.016 GC heap before
{Heap before GC invocations=7 (full 3):
 PSYoungGen      total 18944K, used 160K [0x00000000eb300000, 0x00000000eca00000, 0x0000000100000000)
  eden space 16384K, 0% used [0x00000000eb300000,0x00000000eb300000,0x00000000ec300000)
  from space 2560K, 6% used [0x00000000ec580000,0x00000000ec5a8000,0x00000000ec800000)
  to   space 2560K, 0% used [0x00000000ec300000,0x00000000ec300000,0x00000000ec580000)
 ParOldGen       total 44032K, used 27067K [0x00000000c1800000, 0x00000000c4300000, 0x00000000eb300000)
  object space 44032K, 61% used [0x00000000c1800000,0x00000000c326ec80,0x00000000c4300000)
 Metaspace       used 17451K, capacity 17688K, committed 17920K, reserved 1064960K
  class space    used 2165K, capacity 2249K, committed 2304K, reserved 1048576K
Event: 66.195 GC heap after
Heap after GC invocations=7 (full 3):
 PSYoungGen      total 18944K, used 0K [0x00000000eb300000, 0x00000000eca00000, 0x0000000100000000)
  eden space 16384K, 0% used [0x00000000eb300000,0x00000000eb300000,0x00000000ec300000)
  from space 2560K, 0% used [0x00000000ec580000,0x00000000ec580000,0x00000000ec800000)
  to   space 2560K, 0% used [0x00000000ec300000,0x00000000ec300000,0x00000000ec580000)
 ParOldGen       total 97280K, used 8720K [0x00000000c1800000, 0x00000000c7700000, 0x00000000eb300000)
  object space 97280K, 8% used [0x00000000c1800000,0x00000000c20842c8,0x00000000c7700000)
 Metaspace       used 17451K, capacity 17688K, committed 17920K, reserved 1064960K
  class space    used 2165K, capacity 2249K, committed 2304K, reserved 1048576K
}

